#!/bin/bash
got config
got data
Model Loading resnet18_32x32 Completed!
got network
got evaluator, postprocessor
/state/partition1/llgrid/pkg/anaconda/anaconda3-2022a/lib/python3.8/site-packages/torchvision/io/image.py:13: UserWarning: Failed to load image Python extension: libtorch_cuda_cu.so: cannot open shared object file: No such file or directory
  warn(f"Failed to load image Python extension: {e}")
/home/gridsan/nhulkund/.local/lib/python3.8/site-packages/mmcv/cnn/bricks/transformer.py:32: UserWarning: Fail to import ``MultiScaleDeformableAttention`` from ``mmcv.ops.multi_scale_deform_attn``, You should install ``mmcv-full`` if you need this module. 
  warnings.warn('Fail to import ``MultiScaleDeformableAttention`` from '
acc metric
Performing inference on cifar10 dataset...
Processing nearood...
Performing inference on cifar100 dataset...
Computing metrics on cifar100 dataset...
FPR@95: 10.20, AUROC: 97.90 AUPR_IN: 98.35, AUPR_OUT: 97.34
CCR: 19.81, 67.00, 85.49, 92.29, ACC: 95.24
──────────────────────────────────────────────────────────────────────
Performing inference on tin dataset...
Computing metrics on tin dataset...
FPR@95: 8.46, AUROC: 98.14 AUPR_IN: 98.57, AUPR_OUT: 97.60
CCR: 26.32, 72.54, 87.71, 92.58, ACC: 95.24
──────────────────────────────────────────────────────────────────────
Computing mean metrics...
FPR@95: 9.33, AUROC: 98.02 AUPR_IN: 98.46, AUPR_OUT: 97.47
CCR: 23.07, 69.77, 86.60, 92.43, ACC: 95.24
──────────────────────────────────────────────────────────────────────
Processing farood...
Performing inference on mnist dataset...
Computing metrics on mnist dataset...
FPR@95: 1.61, AUROC: 98.98 AUPR_IN: 97.29, AUPR_OUT: 99.83
CCR: 82.50, 89.07, 91.92, 93.66, ACC: 95.24
──────────────────────────────────────────────────────────────────────
Performing inference on svhn dataset...
Computing metrics on svhn dataset...
FPR@95: 2.83, AUROC: 99.01 AUPR_IN: 98.30, AUPR_OUT: 99.58
CCR: 83.71, 87.41, 91.10, 93.63, ACC: 95.24
──────────────────────────────────────────────────────────────────────
Performing inference on texture dataset...
Computing metrics on texture dataset...
FPR@95: 13.32, AUROC: 97.44 AUPR_IN: 98.56, AUPR_OUT: 94.88
CCR: 3.11, 37.20, 82.87, 91.87, ACC: 95.24
──────────────────────────────────────────────────────────────────────
Performing inference on place365 dataset...
Computing metrics on place365 dataset...
FPR@95: 9.36, AUROC: 98.11 AUPR_IN: 96.35, AUPR_OUT: 99.37
CCR: 50.58, 75.11, 87.20, 92.43, ACC: 95.24
──────────────────────────────────────────────────────────────────────
Computing mean metrics...
FPR@95: 6.78, AUROC: 98.39 AUPR_IN: 97.62, AUPR_OUT: 98.42
CCR: 54.97, 72.20, 88.27, 92.90, ACC: 95.24
──────────────────────────────────────────────────────────────────────
ood metric
ran metrics
cifar10 msp base rand_n= 3  rand_m= 13
Traceback (most recent call last):
  File "get_ood_metrics.py", line 87, in <module>
    ood_df.to_csv(PATH+filename)
  File "/home/gridsan/nhulkund/.local/lib/python3.8/site-packages/pandas/core/generic.py", line 3563, in to_csv
    return DataFrameRenderer(formatter).to_csv(
  File "/home/gridsan/nhulkund/.local/lib/python3.8/site-packages/pandas/io/formats/format.py", line 1180, in to_csv
    csv_formatter.save()
  File "/home/gridsan/nhulkund/.local/lib/python3.8/site-packages/pandas/io/formats/csvs.py", line 241, in save
    with get_handle(
  File "/home/gridsan/nhulkund/.local/lib/python3.8/site-packages/pandas/io/common.py", line 697, in get_handle
    check_parent_directory(str(handle))
  File "/home/gridsan/nhulkund/.local/lib/python3.8/site-packages/pandas/io/common.py", line 571, in check_parent_directory
    raise OSError(fr"Cannot save file into a non-existent directory: '{parent}'")
OSError: Cannot save file into a non-existent directory: '/home/gridsan/nhulkund/OpenOOD/home/gridsan/nhulkund/OpenOOD/results/hparam/image_size: 32
interpolation: bilinear
name: cifar10
normalization_type: cifar10
num_classes: 10
num_gpus: 1
num_machines: 1
num_workers: 8
pre_size: 32
split_names: ['train', 'val', 'test']
test:
    batch_size: 200
    data_dir: ./data/images_classic/
    dataset_class: ImglistDataset
    imglist_pth: ./data/benchmark_imglist/cifar10/test_cifar10.txt
    shuffle: False
train:
    batch_size: 128
    data_dir: ./data/images_classic/
    dataset_class: ImglistDataset
    imglist_pth: ./data/benchmark_imglist/cifar10/train_cifar10.txt
    shuffle: True
val:
    batch_size: 200
    data_dir: ./data/images_classic/
    dataset_class: ImglistDataset
    imglist_pth: ./data/benchmark_imglist/cifar10'
