#!/bin/bash
got config
got data
Model Loading resnet18_32x32 Completed!
got network
got evaluator, postprocessor
/state/partition1/llgrid/pkg/anaconda/anaconda3-2022a/lib/python3.8/site-packages/torchvision/io/image.py:13: UserWarning: Failed to load image Python extension: libtorch_cuda_cu.so: cannot open shared object file: No such file or directory
  warn(f"Failed to load image Python extension: {e}")
/home/gridsan/nhulkund/.local/lib/python3.8/site-packages/mmcv/cnn/bricks/transformer.py:32: UserWarning: Fail to import ``MultiScaleDeformableAttention`` from ``mmcv.ops.multi_scale_deform_attn``, You should install ``mmcv-full`` if you need this module. 
  warnings.warn('Fail to import ``MultiScaleDeformableAttention`` from '
acc metric
Performing inference on cifar10 dataset...
Processing nearood...
Performing inference on cifar100 dataset...
Computing metrics on cifar100 dataset...
FPR@95: 44.96, AUROC: 92.32 AUPR_IN: 92.62, AUPR_OUT: 90.51
CCR: 1.81, 6.86, 30.30, 82.83, ACC: 95.24
──────────────────────────────────────────────────────────────────────
Performing inference on tin dataset...
Computing metrics on tin dataset...
FPR@95: 40.71, AUROC: 93.28 AUPR_IN: 93.71, AUPR_OUT: 91.42
CCR: 0.16, 4.60, 40.51, 85.04, ACC: 95.24
──────────────────────────────────────────────────────────────────────
Computing mean metrics...
FPR@95: 42.83, AUROC: 92.80 AUPR_IN: 93.16, AUPR_OUT: 90.96
CCR: 0.98, 5.73, 35.41, 83.94, ACC: 95.24
──────────────────────────────────────────────────────────────────────
Processing farood...
Performing inference on mnist dataset...
Computing metrics on mnist dataset...
FPR@95: 33.73, AUROC: 95.19 AUPR_IN: 86.31, AUPR_OUT: 99.06
CCR: 14.09, 30.87, 68.93, 89.14, ACC: 95.24
──────────────────────────────────────────────────────────────────────
Performing inference on svhn dataset...
Computing metrics on svhn dataset...
FPR@95: 23.70, AUROC: 96.28 AUPR_IN: 94.11, AUPR_OUT: 98.08
CCR: 7.04, 40.91, 78.53, 90.84, ACC: 95.24
──────────────────────────────────────────────────────────────────────
Performing inference on texture dataset...
Computing metrics on texture dataset...
FPR@95: 44.02, AUROC: 92.74 AUPR_IN: 94.99, AUPR_OUT: 86.40
CCR: 0.42, 2.08, 28.61, 84.57, ACC: 95.24
──────────────────────────────────────────────────────────────────────
Performing inference on place365 dataset...
Computing metrics on place365 dataset...
FPR@95: 42.40, AUROC: 92.92 AUPR_IN: 82.09, AUPR_OUT: 97.50
CCR: 1.58, 7.88, 38.19, 83.63, ACC: 95.24
──────────────────────────────────────────────────────────────────────
Computing mean metrics...
FPR@95: 35.96, AUROC: 94.28 AUPR_IN: 89.38, AUPR_OUT: 95.26
CCR: 5.78, 20.43, 53.57, 87.05, ACC: 95.24
──────────────────────────────────────────────────────────────────────
ood metric
ran metrics
cifar10 msp base rand_n= 1  rand_m= 3
Traceback (most recent call last):
  File "get_ood_metrics.py", line 87, in <module>
    ood_df.to_csv(PATH+filename)
  File "/home/gridsan/nhulkund/.local/lib/python3.8/site-packages/pandas/core/generic.py", line 3563, in to_csv
    return DataFrameRenderer(formatter).to_csv(
  File "/home/gridsan/nhulkund/.local/lib/python3.8/site-packages/pandas/io/formats/format.py", line 1180, in to_csv
    csv_formatter.save()
  File "/home/gridsan/nhulkund/.local/lib/python3.8/site-packages/pandas/io/formats/csvs.py", line 241, in save
    with get_handle(
  File "/home/gridsan/nhulkund/.local/lib/python3.8/site-packages/pandas/io/common.py", line 697, in get_handle
    check_parent_directory(str(handle))
  File "/home/gridsan/nhulkund/.local/lib/python3.8/site-packages/pandas/io/common.py", line 571, in check_parent_directory
    raise OSError(fr"Cannot save file into a non-existent directory: '{parent}'")
OSError: Cannot save file into a non-existent directory: '/home/gridsan/nhulkund/OpenOOD/home/gridsan/nhulkund/OpenOOD/results/hparam/image_size: 32
interpolation: bilinear
name: cifar10
normalization_type: cifar10
num_classes: 10
num_gpus: 1
num_machines: 1
num_workers: 8
pre_size: 32
split_names: ['train', 'val', 'test']
test:
    batch_size: 200
    data_dir: ./data/images_classic/
    dataset_class: ImglistDataset
    imglist_pth: ./data/benchmark_imglist/cifar10/test_cifar10.txt
    shuffle: False
train:
    batch_size: 128
    data_dir: ./data/images_classic/
    dataset_class: ImglistDataset
    imglist_pth: ./data/benchmark_imglist/cifar10/train_cifar10.txt
    shuffle: True
val:
    batch_size: 200
    data_dir: ./data/images_classic/
    dataset_class: ImglistDataset
    imglist_pth: ./data/benchmark_imglist/cifar10'
