#!/bin/bash
got config
got data
Model Loading resnet18_32x32 Completed!
got network
got evaluator, postprocessor
/state/partition1/llgrid/pkg/anaconda/anaconda3-2022a/lib/python3.8/site-packages/torchvision/io/image.py:13: UserWarning: Failed to load image Python extension: libtorch_cuda_cu.so: cannot open shared object file: No such file or directory
  warn(f"Failed to load image Python extension: {e}")
/home/gridsan/nhulkund/.local/lib/python3.8/site-packages/mmcv/cnn/bricks/transformer.py:32: UserWarning: Fail to import ``MultiScaleDeformableAttention`` from ``mmcv.ops.multi_scale_deform_attn``, You should install ``mmcv-full`` if you need this module. 
  warnings.warn('Fail to import ``MultiScaleDeformableAttention`` from '
acc metric
Performing inference on cifar10 dataset...
Processing nearood...
Performing inference on cifar100 dataset...
Computing metrics on cifar100 dataset...
FPR@95: 27.26, AUROC: 95.55 AUPR_IN: 96.22, AUPR_OUT: 94.28
CCR: 3.94, 18.38, 65.50, 89.20, ACC: 95.24
──────────────────────────────────────────────────────────────────────
Performing inference on tin dataset...
Computing metrics on tin dataset...
FPR@95: 24.45, AUROC: 96.10 AUPR_IN: 96.87, AUPR_OUT: 94.80
CCR: 7.22, 22.94, 73.24, 89.93, ACC: 95.24
──────────────────────────────────────────────────────────────────────
Computing mean metrics...
FPR@95: 25.85, AUROC: 95.83 AUPR_IN: 96.54, AUPR_OUT: 94.54
CCR: 5.58, 20.66, 69.37, 89.57, ACC: 95.24
──────────────────────────────────────────────────────────────────────
Processing farood...
Performing inference on mnist dataset...
Computing metrics on mnist dataset...
FPR@95: 16.70, AUROC: 97.09 AUPR_IN: 93.03, AUPR_OUT: 99.45
CCR: 31.68, 64.06, 83.89, 91.52, ACC: 95.24
──────────────────────────────────────────────────────────────────────
Performing inference on svhn dataset...
Computing metrics on svhn dataset...
FPR@95: 10.54, AUROC: 97.81 AUPR_IN: 96.71, AUPR_OUT: 98.94
CCR: 51.06, 78.13, 86.98, 92.26, ACC: 95.24
──────────────────────────────────────────────────────────────────────
Performing inference on texture dataset...
Computing metrics on texture dataset...
FPR@95: 29.66, AUROC: 95.30 AUPR_IN: 97.22, AUPR_OUT: 90.60
CCR: 2.32, 12.53, 62.23, 88.98, ACC: 95.24
──────────────────────────────────────────────────────────────────────
Performing inference on place365 dataset...
Computing metrics on place365 dataset...
FPR@95: 25.48, AUROC: 96.00 AUPR_IN: 91.59, AUPR_OUT: 98.58
CCR: 10.34, 30.54, 71.27, 89.84, ACC: 95.24
──────────────────────────────────────────────────────────────────────
Computing mean metrics...
FPR@95: 20.59, AUROC: 96.55 AUPR_IN: 94.64, AUPR_OUT: 96.90
CCR: 23.85, 46.32, 76.09, 90.65, ACC: 95.24
──────────────────────────────────────────────────────────────────────
ood metric
ran metrics
cifar10 msp base rand_n= 1  rand_m= 15
Traceback (most recent call last):
  File "get_ood_metrics.py", line 87, in <module>
    ood_df.to_csv(PATH+filename)
  File "/home/gridsan/nhulkund/.local/lib/python3.8/site-packages/pandas/core/generic.py", line 3563, in to_csv
    return DataFrameRenderer(formatter).to_csv(
  File "/home/gridsan/nhulkund/.local/lib/python3.8/site-packages/pandas/io/formats/format.py", line 1180, in to_csv
    csv_formatter.save()
  File "/home/gridsan/nhulkund/.local/lib/python3.8/site-packages/pandas/io/formats/csvs.py", line 241, in save
    with get_handle(
  File "/home/gridsan/nhulkund/.local/lib/python3.8/site-packages/pandas/io/common.py", line 697, in get_handle
    check_parent_directory(str(handle))
  File "/home/gridsan/nhulkund/.local/lib/python3.8/site-packages/pandas/io/common.py", line 571, in check_parent_directory
    raise OSError(fr"Cannot save file into a non-existent directory: '{parent}'")
OSError: Cannot save file into a non-existent directory: '/home/gridsan/nhulkund/OpenOOD/home/gridsan/nhulkund/OpenOOD/results/hparam/image_size: 32
interpolation: bilinear
name: cifar10
normalization_type: cifar10
num_classes: 10
num_gpus: 1
num_machines: 1
num_workers: 8
pre_size: 32
split_names: ['train', 'val', 'test']
test:
    batch_size: 200
    data_dir: ./data/images_classic/
    dataset_class: ImglistDataset
    imglist_pth: ./data/benchmark_imglist/cifar10/test_cifar10.txt
    shuffle: False
train:
    batch_size: 128
    data_dir: ./data/images_classic/
    dataset_class: ImglistDataset
    imglist_pth: ./data/benchmark_imglist/cifar10/train_cifar10.txt
    shuffle: True
val:
    batch_size: 200
    data_dir: ./data/images_classic/
    dataset_class: ImglistDataset
    imglist_pth: ./data/benchmark_imglist/cifar10'
