#!/bin/bash
got config
got data
Model Loading resnet18_32x32 Completed!
got network
got evaluator, postprocessor
/state/partition1/llgrid/pkg/anaconda/anaconda3-2022a/lib/python3.8/site-packages/torchvision/io/image.py:13: UserWarning: Failed to load image Python extension: libtorch_cuda_cu.so: cannot open shared object file: No such file or directory
  warn(f"Failed to load image Python extension: {e}")
/home/gridsan/nhulkund/.local/lib/python3.8/site-packages/mmcv/cnn/bricks/transformer.py:32: UserWarning: Fail to import ``MultiScaleDeformableAttention`` from ``mmcv.ops.multi_scale_deform_attn``, You should install ``mmcv-full`` if you need this module. 
  warnings.warn('Fail to import ``MultiScaleDeformableAttention`` from '
acc metric
Performing inference on cifar10 dataset...
Processing nearood...
Performing inference on cifar100 dataset...
Computing metrics on cifar100 dataset...
FPR@95: 61.21, AUROC: 87.13 AUPR_IN: 85.96, AUPR_OUT: 85.21
CCR: 0.33, 1.81, 11.31, 68.48, ACC: 95.24
──────────────────────────────────────────────────────────────────────
Performing inference on tin dataset...
Computing metrics on tin dataset...
FPR@95: 57.03, AUROC: 88.74 AUPR_IN: 88.25, AUPR_OUT: 86.59
CCR: 0.16, 2.44, 15.17, 74.72, ACC: 95.24
──────────────────────────────────────────────────────────────────────
Computing mean metrics...
FPR@95: 59.12, AUROC: 87.94 AUPR_IN: 87.11, AUPR_OUT: 85.90
CCR: 0.24, 2.13, 13.24, 71.60, ACC: 95.24
──────────────────────────────────────────────────────────────────────
Processing farood...
Performing inference on mnist dataset...
Computing metrics on mnist dataset...
FPR@95: 57.53, AUROC: 90.02 AUPR_IN: 67.56, AUPR_OUT: 98.11
CCR: 5.80, 11.57, 32.89, 77.73, ACC: 95.24
──────────────────────────────────────────────────────────────────────
Performing inference on svhn dataset...
Computing metrics on svhn dataset...
FPR@95: 51.43, AUROC: 90.84 AUPR_IN: 78.32, AUPR_OUT: 95.66
CCR: 0.08, 0.76, 18.69, 80.77, ACC: 95.24
──────────────────────────────────────────────────────────────────────
Performing inference on texture dataset...
Computing metrics on texture dataset...
FPR@95: 59.11, AUROC: 88.71 AUPR_IN: 91.28, AUPR_OUT: 80.50
CCR: 0.09, 0.36, 9.41, 75.88, ACC: 95.24
──────────────────────────────────────────────────────────────────────
Performing inference on place365 dataset...
Computing metrics on place365 dataset...
FPR@95: 56.82, AUROC: 89.04 AUPR_IN: 70.31, AUPR_OUT: 96.16
CCR: 0.50, 3.17, 17.24, 75.42, ACC: 95.24
──────────────────────────────────────────────────────────────────────
Computing mean metrics...
FPR@95: 56.22, AUROC: 89.65 AUPR_IN: 76.87, AUPR_OUT: 92.61
CCR: 1.62, 3.96, 19.56, 77.45, ACC: 95.24
──────────────────────────────────────────────────────────────────────
ood metric
ran metrics
cifar10 msp base rand_n= 3  rand_m= 17
