#!/bin/bash
got config
got data
Model Loading resnet18_32x32 Completed!
got network
got evaluator, postprocessor
/state/partition1/llgrid/pkg/anaconda/anaconda3-2022a/lib/python3.8/site-packages/torchvision/io/image.py:13: UserWarning: Failed to load image Python extension: libtorch_cuda_cu.so: cannot open shared object file: No such file or directory
  warn(f"Failed to load image Python extension: {e}")
/home/gridsan/nhulkund/.local/lib/python3.8/site-packages/mmcv/cnn/bricks/transformer.py:32: UserWarning: Fail to import ``MultiScaleDeformableAttention`` from ``mmcv.ops.multi_scale_deform_attn``, You should install ``mmcv-full`` if you need this module. 
  warnings.warn('Fail to import ``MultiScaleDeformableAttention`` from '
acc metric
Performing inference on cifar10 dataset...
Processing nearood...
Performing inference on cifar100 dataset...
Computing metrics on cifar100 dataset...
FPR@95: 13.81, AUROC: 97.41 AUPR_IN: 97.97, AUPR_OUT: 96.65
CCR: 18.37, 51.03, 82.50, 91.73, ACC: 95.24
──────────────────────────────────────────────────────────────────────
Performing inference on tin dataset...
Computing metrics on tin dataset...
FPR@95: 12.17, AUROC: 97.68 AUPR_IN: 98.21, AUPR_OUT: 96.98
CCR: 14.06, 59.42, 84.97, 91.97, ACC: 95.24
──────────────────────────────────────────────────────────────────────
Computing mean metrics...
FPR@95: 12.99, AUROC: 97.54 AUPR_IN: 98.09, AUPR_OUT: 96.81
CCR: 16.21, 55.23, 83.73, 91.85, ACC: 95.24
──────────────────────────────────────────────────────────────────────
Processing farood...
Performing inference on mnist dataset...
Computing metrics on mnist dataset...
FPR@95: 4.27, AUROC: 98.48 AUPR_IN: 96.33, AUPR_OUT: 99.74
CCR: 70.31, 84.56, 91.03, 93.09, ACC: 95.24
──────────────────────────────────────────────────────────────────────
Performing inference on svhn dataset...
Computing metrics on svhn dataset...
FPR@95: 4.74, AUROC: 98.72 AUPR_IN: 97.89, AUPR_OUT: 99.44
CCR: 81.68, 85.28, 89.72, 93.28, ACC: 95.24
──────────────────────────────────────────────────────────────────────
Performing inference on texture dataset...
Computing metrics on texture dataset...
FPR@95: 17.70, AUROC: 96.88 AUPR_IN: 98.26, AUPR_OUT: 93.72
CCR: 3.03, 25.87, 80.06, 91.31, ACC: 95.24
──────────────────────────────────────────────────────────────────────
Performing inference on place365 dataset...
Computing metrics on place365 dataset...
FPR@95: 12.51, AUROC: 97.68 AUPR_IN: 95.52, AUPR_OUT: 99.21
CCR: 28.74, 64.58, 84.76, 91.96, ACC: 95.24
──────────────────────────────────────────────────────────────────────
Computing mean metrics...
FPR@95: 9.80, AUROC: 97.94 AUPR_IN: 97.00, AUPR_OUT: 98.03
CCR: 45.94, 65.07, 86.39, 92.41, ACC: 95.24
──────────────────────────────────────────────────────────────────────
ood metric
ran metrics
cifar10 msp base rand_n= 2  rand_m= 15
Traceback (most recent call last):
  File "get_ood_metrics.py", line 87, in <module>
    ood_df.to_csv(PATH+filename)
  File "/home/gridsan/nhulkund/.local/lib/python3.8/site-packages/pandas/core/generic.py", line 3563, in to_csv
    return DataFrameRenderer(formatter).to_csv(
  File "/home/gridsan/nhulkund/.local/lib/python3.8/site-packages/pandas/io/formats/format.py", line 1180, in to_csv
    csv_formatter.save()
  File "/home/gridsan/nhulkund/.local/lib/python3.8/site-packages/pandas/io/formats/csvs.py", line 241, in save
    with get_handle(
  File "/home/gridsan/nhulkund/.local/lib/python3.8/site-packages/pandas/io/common.py", line 697, in get_handle
    check_parent_directory(str(handle))
  File "/home/gridsan/nhulkund/.local/lib/python3.8/site-packages/pandas/io/common.py", line 571, in check_parent_directory
    raise OSError(fr"Cannot save file into a non-existent directory: '{parent}'")
OSError: Cannot save file into a non-existent directory: '/home/gridsan/nhulkund/OpenOOD/home/gridsan/nhulkund/OpenOOD/results/hparam/image_size: 32
interpolation: bilinear
name: cifar10
normalization_type: cifar10
num_classes: 10
num_gpus: 1
num_machines: 1
num_workers: 8
pre_size: 32
split_names: ['train', 'val', 'test']
test:
    batch_size: 200
    data_dir: ./data/images_classic/
    dataset_class: ImglistDataset
    imglist_pth: ./data/benchmark_imglist/cifar10/test_cifar10.txt
    shuffle: False
train:
    batch_size: 128
    data_dir: ./data/images_classic/
    dataset_class: ImglistDataset
    imglist_pth: ./data/benchmark_imglist/cifar10/train_cifar10.txt
    shuffle: True
val:
    batch_size: 200
    data_dir: ./data/images_classic/
    dataset_class: ImglistDataset
    imglist_pth: ./data/benchmark_imglist/cifar10'
