#!/bin/bash
got config
got data
Model Loading resnet18_32x32 Completed!
got network
got evaluator, postprocessor
/state/partition1/llgrid/pkg/anaconda/anaconda3-2022a/lib/python3.8/site-packages/torchvision/io/image.py:13: UserWarning: Failed to load image Python extension: libtorch_cuda_cu.so: cannot open shared object file: No such file or directory
  warn(f"Failed to load image Python extension: {e}")
/home/gridsan/nhulkund/.local/lib/python3.8/site-packages/mmcv/cnn/bricks/transformer.py:32: UserWarning: Fail to import ``MultiScaleDeformableAttention`` from ``mmcv.ops.multi_scale_deform_attn``, You should install ``mmcv-full`` if you need this module. 
  warnings.warn('Fail to import ``MultiScaleDeformableAttention`` from '
acc metric
Performing inference on cifar10 dataset...
Processing nearood...
Performing inference on cifar100 dataset...
Computing metrics on cifar100 dataset...
FPR@95: 30.48, AUROC: 95.05 AUPR_IN: 95.69, AUPR_OUT: 93.70
CCR: 4.41, 17.91, 57.30, 88.56, ACC: 95.24
──────────────────────────────────────────────────────────────────────
Performing inference on tin dataset...
Computing metrics on tin dataset...
FPR@95: 27.17, AUROC: 95.61 AUPR_IN: 96.38, AUPR_OUT: 94.26
CCR: 8.56, 21.98, 67.46, 89.17, ACC: 95.24
──────────────────────────────────────────────────────────────────────
Computing mean metrics...
FPR@95: 28.82, AUROC: 95.33 AUPR_IN: 96.03, AUPR_OUT: 93.98
CCR: 6.48, 19.94, 62.38, 88.86, ACC: 95.24
──────────────────────────────────────────────────────────────────────
Processing farood...
Performing inference on mnist dataset...
Computing metrics on mnist dataset...
FPR@95: 15.63, AUROC: 97.17 AUPR_IN: 93.19, AUPR_OUT: 99.47
CCR: 28.48, 65.92, 84.14, 91.59, ACC: 95.24
──────────────────────────────────────────────────────────────────────
Performing inference on svhn dataset...
Computing metrics on svhn dataset...
FPR@95: 8.90, AUROC: 97.93 AUPR_IN: 96.87, AUPR_OUT: 99.00
CCR: 23.96, 74.52, 88.32, 92.52, ACC: 95.24
──────────────────────────────────────────────────────────────────────
Performing inference on texture dataset...
Computing metrics on texture dataset...
FPR@95: 30.37, AUROC: 95.03 AUPR_IN: 96.95, AUPR_OUT: 90.34
CCR: 2.67, 7.88, 55.84, 88.62, ACC: 95.24
──────────────────────────────────────────────────────────────────────
Performing inference on place365 dataset...
Computing metrics on place365 dataset...
FPR@95: 30.17, AUROC: 95.13 AUPR_IN: 88.77, AUPR_OUT: 98.30
CCR: 3.84, 18.83, 59.36, 88.18, ACC: 95.24
──────────────────────────────────────────────────────────────────────
Computing mean metrics...
FPR@95: 21.27, AUROC: 96.32 AUPR_IN: 93.95, AUPR_OUT: 96.78
CCR: 14.74, 41.79, 71.92, 90.23, ACC: 95.24
──────────────────────────────────────────────────────────────────────
ood metric
ran metrics
cifar10 msp base rand_n= 2  rand_m= 5
Traceback (most recent call last):
  File "get_ood_metrics.py", line 87, in <module>
    ood_df.to_csv(PATH+filename)
  File "/home/gridsan/nhulkund/.local/lib/python3.8/site-packages/pandas/core/generic.py", line 3563, in to_csv
    return DataFrameRenderer(formatter).to_csv(
  File "/home/gridsan/nhulkund/.local/lib/python3.8/site-packages/pandas/io/formats/format.py", line 1180, in to_csv
    csv_formatter.save()
  File "/home/gridsan/nhulkund/.local/lib/python3.8/site-packages/pandas/io/formats/csvs.py", line 241, in save
    with get_handle(
  File "/home/gridsan/nhulkund/.local/lib/python3.8/site-packages/pandas/io/common.py", line 697, in get_handle
    check_parent_directory(str(handle))
  File "/home/gridsan/nhulkund/.local/lib/python3.8/site-packages/pandas/io/common.py", line 571, in check_parent_directory
    raise OSError(fr"Cannot save file into a non-existent directory: '{parent}'")
OSError: Cannot save file into a non-existent directory: '/home/gridsan/nhulkund/OpenOOD/home/gridsan/nhulkund/OpenOOD/results/hparam/image_size: 32
interpolation: bilinear
name: cifar10
normalization_type: cifar10
num_classes: 10
num_gpus: 1
num_machines: 1
num_workers: 8
pre_size: 32
split_names: ['train', 'val', 'test']
test:
    batch_size: 200
    data_dir: ./data/images_classic/
    dataset_class: ImglistDataset
    imglist_pth: ./data/benchmark_imglist/cifar10/test_cifar10.txt
    shuffle: False
train:
    batch_size: 128
    data_dir: ./data/images_classic/
    dataset_class: ImglistDataset
    imglist_pth: ./data/benchmark_imglist/cifar10/train_cifar10.txt
    shuffle: True
val:
    batch_size: 200
    data_dir: ./data/images_classic/
    dataset_class: ImglistDataset
    imglist_pth: ./data/benchmark_imglist/cifar10'
